[w3] 20 jobs on cuda:3
[w3] (1/20) START gcm_trivia_qa_N12_K128
[w3] END gcm_trivia_qa_N12_K128 rc=0 1297s
[w3] (2/20) START gcm_hotpot_qa_N8_K64
[w3] END gcm_hotpot_qa_N8_K64 rc=0 1715s
[w3] (3/20) START gcm_hotpot_qa_N16_K128
[w3] END gcm_hotpot_qa_N16_K128 rc=0 1335s
[w3] (4/20) START gcm_squad_v2_N12_K64
[w3] END gcm_squad_v2_N12_K64 rc=0 1201s
[w3] (5/20) START gcm_squad_v2_N24_K128
[w3] END gcm_squad_v2_N24_K128 rc=0 1335s
[w3] (6/20) START gcm_quality_N16_K64
[w3] END gcm_quality_N16_K64 rc=0 1423s
[w3] (7/20) START gcm_trivia_qa_N16_K64_lr1_ld0
[w3] END gcm_trivia_qa_N16_K64_lr1_ld0 rc=0 1354s
[w3] (8/20) START cartridge_trivia_qa_s600_lr0.0001_K128
[w3] END cartridge_trivia_qa_s600_lr0.0001_K128 rc=0 1074s
[w3] (9/20) START cartridge_trivia_qa_s1500_lr0.0003_K64
[w3] END cartridge_trivia_qa_s1500_lr0.0003_K64 rc=0 1141s
[w3] (10/20) START cartridge_hotpot_qa_s600_lr0.0003_K128
[w3] END cartridge_hotpot_qa_s600_lr0.0003_K128 rc=0 1065s
[w3] (11/20) START cartridge_squad_v2_s600_lr0.0001_K64
[w3] END cartridge_squad_v2_s600_lr0.0001_K64 rc=0 1009s
[w3] (12/20) START cartridge_squad_v2_s1500_lr0.0001_K128
[w3] END cartridge_squad_v2_s1500_lr0.0001_K128 rc=0 1072s
[w3] (13/20) START cartridge_quality_s600_lr0.0003_K64
[w3] END cartridge_quality_s600_lr0.0003_K64 rc=0 1093s
[w3] (14/20) START cartridge_quality_s1500_lr0.0003_K128
[w3] END cartridge_quality_s1500_lr0.0003_K128 rc=0 1162s
[w3] (15/20) START gist_trivia_qa_s1500_lr0.0001_K64
[w3] END gist_trivia_qa_s1500_lr0.0001_K64 rc=0 1022s
[w3] (16/20) START gist_hotpot_qa_s600_lr0.0001_K128
[w3] END gist_hotpot_qa_s600_lr0.0001_K128 rc=0 854s
[w3] (17/20) START gist_hotpot_qa_s1500_lr0.0003_K64
[w3] END gist_hotpot_qa_s1500_lr0.0003_K64 rc=0 880s
[w3] (18/20) START gist_squad_v2_s600_lr0.0003_K128
[w3] END gist_squad_v2_s600_lr0.0003_K128 rc=0 856s
[w3] (19/20) START gist_quality_s600_lr0.0001_K64
[w3] END gist_quality_s600_lr0.0001_K64 rc=0 812s
[w3] (20/20) START gist_quality_s1500_lr0.0001_K128
[w3] END gist_quality_s1500_lr0.0001_K128 rc=0 1122s
[w3] ALL DONE
