[w1] 20 jobs on cuda:1
[w1] (1/20) START gcm_trivia_qa_N8_K128
[w1] END gcm_trivia_qa_N8_K128 rc=0 1926s
[w1] (2/20) START gcm_trivia_qa_N24_K64
[w1] END gcm_trivia_qa_N24_K64 rc=0 1535s
[w1] (3/20) START gcm_hotpot_qa_N12_K128
[w1] END gcm_hotpot_qa_N12_K128 rc=0 1263s
[w1] (4/20) START gcm_squad_v2_N8_K64
[w1] END gcm_squad_v2_N8_K64 rc=0 1399s
[w1] (5/20) START gcm_squad_v2_N16_K128
[w1] END gcm_squad_v2_N16_K128 rc=0 1240s
[w1] (6/20) START gcm_quality_N12_K64
[w1] END gcm_quality_N12_K64 rc=0 1340s
[w1] (7/20) START gcm_quality_N24_K128
[w1] END gcm_quality_N24_K128 rc=1 145s
[w1] (8/20) START gcm_trivia_qa_N16_K64_dec4
[w1] END gcm_trivia_qa_N16_K64_dec4 rc=0 1399s
[w1] (9/20) START cartridge_trivia_qa_s1500_lr0.0001_K64
[w1] END cartridge_trivia_qa_s1500_lr0.0001_K64 rc=0 1136s
[w1] (10/20) START cartridge_hotpot_qa_s600_lr0.0001_K128
[w1] END cartridge_hotpot_qa_s600_lr0.0001_K128 rc=0 1073s
[w1] (11/20) START cartridge_hotpot_qa_s1500_lr0.0003_K64
[w1] END cartridge_hotpot_qa_s1500_lr0.0003_K64 rc=0 1133s
[w1] (12/20) START cartridge_squad_v2_s600_lr0.0003_K128
[w1] END cartridge_squad_v2_s600_lr0.0003_K128 rc=0 1001s
[w1] (13/20) START cartridge_quality_s600_lr0.0001_K64
[w1] END cartridge_quality_s600_lr0.0001_K64 rc=0 1110s
[w1] (14/20) START cartridge_quality_s1500_lr0.0001_K128
[w1] END cartridge_quality_s1500_lr0.0001_K128 rc=0 1158s
[w1] (15/20) START gist_trivia_qa_s600_lr0.0003_K64
[w1] END gist_trivia_qa_s600_lr0.0003_K64 rc=0 802s
[w1] (16/20) START gist_trivia_qa_s1500_lr0.0003_K128
[w1] END gist_trivia_qa_s1500_lr0.0003_K128 rc=0 1040s
[w1] (17/20) START gist_hotpot_qa_s1500_lr0.0001_K64
[w1] END gist_hotpot_qa_s1500_lr0.0001_K64 rc=0 948s
[w1] (18/20) START gist_squad_v2_s600_lr0.0001_K128
[w1] END gist_squad_v2_s600_lr0.0001_K128 rc=0 807s
[w1] (19/20) START gist_squad_v2_s1500_lr0.0003_K64
[w1] END gist_squad_v2_s1500_lr0.0003_K64 rc=0 901s
[w1] (20/20) START gist_quality_s600_lr0.0003_K128
[w1] END gist_quality_s600_lr0.0003_K128 rc=0 750s
[w1] ALL DONE
